<?xml version="1.0" encoding="UTF-8"?>
<testsuites>
  <testsuite name="pytest" errors="1" failures="2" skipped="0" tests="3" time="1.10">
    <testcase classname="tests.test_api" name="test_total" time="0.05">
      <failure message="assert 4100 == 4200" type="AssertionError">assert 4100 == 4200</failure>
    </testcase>
    <testcase classname="tests.test_api" name="test_total_copy" time="0.05">
      <failure message="assert 4100 == 4200" type="AssertionError">assert 4100 == 4200</failure>
    </testcase>
    <testcase classname="tests.test_db" name="test_connect" time="0.05">
      <error message="ConnectionRefusedError: [Errno 111] Connection refused" type="ConnectionRefusedError">Traceback (most recent call last):
  File "tests/test_db.py", line 12, in test_connect
    db.connect()</error>
    </testcase>
  </testsuite>
</testsuites>
